[0.014s] Invoking command in '/home/ikedalab/ros2_ws/src/xarm_ros2/xarm_controller/build/xarm_controller': CMAKE_PREFIX_PATH=${CMAKE_PREFIX_PATH}:/opt/ros/foxy /usr/bin/cmake /home/ikedalab/ros2_ws/src/xarm_ros2/xarm_controller -DCMAKE_INSTALL_PREFIX=/home/ikedalab/ros2_ws/src/xarm_ros2/xarm_controller/install/xarm_controller
[0.060s] -- The C compiler identification is GNU 9.4.0
[0.106s] -- The CXX compiler identification is GNU 9.4.0
[0.110s] -- Check for working C compiler: /usr/bin/cc
[0.169s] -- Check for working C compiler: /usr/bin/cc -- works
[0.170s] -- Detecting C compiler ABI info
[0.233s] -- Detecting C compiler ABI info - done
[0.245s] -- Detecting C compile features
[0.246s] -- Detecting C compile features - done
[0.248s] -- Check for working CXX compiler: /usr/bin/c++
[0.315s] -- Check for working CXX compiler: /usr/bin/c++ -- works
[0.317s] -- Detecting CXX compiler ABI info
[0.389s] -- Detecting CXX compiler ABI info - done
[0.399s] -- Detecting CXX compile features
[0.399s] -- Detecting CXX compile features - done
[0.401s] -- Found ament_cmake: 0.9.12 (/opt/ros/foxy/share/ament_cmake/cmake)
[0.421s] -- Found PythonInterp: /usr/bin/python3 (found suitable version "3.8.10", minimum required is "3") 
[0.421s] -- Using PYTHON_EXECUTABLE: /usr/bin/python3
[0.605s] -- Found ament_lint_auto: 0.9.8 (/opt/ros/foxy/share/ament_lint_auto/cmake)
[0.690s] CMake Error at CMakeLists.txt:38 (find_package):
[0.690s]   By not providing "Findhardware_interface.cmake" in CMAKE_MODULE_PATH this
[0.690s]   project has asked CMake to find a package configuration file provided by
[0.690s]   "hardware_interface", but CMake did not find one.
[0.690s] 
[0.691s]   Could not find a package configuration file provided by
[0.691s]   "hardware_interface" with any of the following names:
[0.691s] 
[0.691s]     hardware_interfaceConfig.cmake
[0.691s]     hardware_interface-config.cmake
[0.691s] 
[0.691s]   Add the installation prefix of "hardware_interface" to CMAKE_PREFIX_PATH or
[0.691s]   set "hardware_interface_DIR" to a directory containing one of the above
[0.691s]   files.  If "hardware_interface" provides a separate development package or
[0.691s]   SDK, be sure it has been installed.
[0.691s] 
[0.691s] 
[0.691s] -- Configuring incomplete, errors occurred!
[0.691s] See also "/home/ikedalab/ros2_ws/src/xarm_ros2/xarm_controller/build/xarm_controller/CMakeFiles/CMakeOutput.log".
[0.694s] Invoked command in '/home/ikedalab/ros2_ws/src/xarm_ros2/xarm_controller/build/xarm_controller' returned '1': CMAKE_PREFIX_PATH=${CMAKE_PREFIX_PATH}:/opt/ros/foxy /usr/bin/cmake /home/ikedalab/ros2_ws/src/xarm_ros2/xarm_controller -DCMAKE_INSTALL_PREFIX=/home/ikedalab/ros2_ws/src/xarm_ros2/xarm_controller/install/xarm_controller
