-- The C compiler identification is GNU 9.4.0
-- The CXX compiler identification is GNU 9.4.0
-- Check for working C compiler: /usr/bin/cc
-- Check for working C compiler: /usr/bin/cc -- works
-- Detecting C compiler ABI info
-- Detecting C compiler ABI info - done
-- Detecting C compile features
-- Detecting C compile features - done
-- Check for working CXX compiler: /usr/bin/c++
-- Check for working CXX compiler: /usr/bin/c++ -- works
-- Detecting CXX compiler ABI info
-- Detecting CXX compiler ABI info - done
-- Detecting CXX compile features
-- Detecting CXX compile features - done
-- Found ament_cmake: 0.9.12 (/opt/ros/foxy/share/ament_cmake/cmake)
-- Found PythonInterp: /usr/bin/python3 (found suitable version "3.8.10", minimum required is "3") 
-- Using PYTHON_EXECUTABLE: /usr/bin/python3
-- Found ament_lint_auto: 0.9.8 (/opt/ros/foxy/share/ament_lint_auto/cmake)
-- Added test 'copyright' to check source files copyright and LICENSE
-- Added test 'cppcheck' to perform static code analysis on C / C++ code
-- Configured cppcheck include dirs: 
-- Configured cppcheck exclude dirs and/or files: 
-- Added test 'cpplint' to check C / C++ code against the Google style
-- Configured cpplint exclude dirs and/or files: 
-- Added test 'flake8' to check Python code syntax and style conventions
-- Added test 'lint_cmake' to check CMake code style
-- Added test 'pep257' to check Python code against some of the style conventions in PEP 257
-- Added test 'uncrustify' to check C / C++ code style
-- Configured uncrustify additional arguments: 
-- Added test 'xmllint' to check XML markup files
-- Configuring done
-- Generating done
-- Build files have been written to: /home/ikedalab/ros2_ws/src/xarm_ros2/xarm_description/build/xarm_description
-- Install configuration: ""
-- Installing: /home/ikedalab/ros2_ws/src/xarm_ros2/xarm_description/install/xarm_description/share/xarm_description//rviz
-- Installing: /home/ikedalab/ros2_ws/src/xarm_ros2/xarm_description/install/xarm_description/share/xarm_description//rviz/display.rviz
-- Installing: /home/ikedalab/ros2_ws/src/xarm_ros2/xarm_description/install/xarm_description/share/xarm_description//urdf
-- Installing: /home/ikedalab/ros2_ws/src/xarm_ros2/xarm_description/install/xarm_description/share/xarm_description//urdf/common
-- Installing: /home/ikedalab/ros2_ws/src/xarm_ros2/xarm_description/install/xarm_description/share/xarm_description//urdf/common/common.gazebo.xacro
-- Installing: /home/ikedalab/ros2_ws/src/xarm_ros2/xarm_description/install/xarm_description/share/xarm_description//urdf/common/common.link.xacro
-- Installing: /home/ikedalab/ros2_ws/src/xarm_ros2/xarm_description/install/xarm_description/share/xarm_description//urdf/common/common.material.xacro
-- Installing: /home/ikedalab/ros2_ws/src/xarm_ros2/xarm_description/install/xarm_description/share/xarm_description//urdf/xarm6
-- Installing: /home/ikedalab/ros2_ws/src/xarm_ros2/xarm_description/install/xarm_description/share/xarm_description//urdf/xarm6/xarm6.transmission.xacro
-- Installing: /home/ikedalab/ros2_ws/src/xarm_ros2/xarm_description/install/xarm_description/share/xarm_description//urdf/xarm6/xarm6.gazebo.xacro
-- Installing: /home/ikedalab/ros2_ws/src/xarm_ros2/xarm_description/install/xarm_description/share/xarm_description//urdf/xarm6/xarm6_robot_macro.xacro
-- Installing: /home/ikedalab/ros2_ws/src/xarm_ros2/xarm_description/install/xarm_description/share/xarm_description//urdf/xarm6/xarm6.urdf.xacro
-- Installing: /home/ikedalab/ros2_ws/src/xarm_ros2/xarm_description/install/xarm_description/share/xarm_description//urdf/xarm6/xarm6.ros2_control.xacro
-- Installing: /home/ikedalab/ros2_ws/src/xarm_ros2/xarm_description/install/xarm_description/share/xarm_description//urdf/vacuum_gripper
-- Installing: /home/ikedalab/ros2_ws/src/xarm_ros2/xarm_description/install/xarm_description/share/xarm_description//urdf/vacuum_gripper/lite_vacuum_gripper.urdf.xacro
-- Installing: /home/ikedalab/ros2_ws/src/xarm_ros2/xarm_description/install/xarm_description/share/xarm_description//urdf/vacuum_gripper/xarm_vacuum_gripper.urdf.xacro
-- Installing: /home/ikedalab/ros2_ws/src/xarm_ros2/xarm_description/install/xarm_description/share/xarm_description//urdf/_private_macro.xacro
-- Installing: /home/ikedalab/ros2_ws/src/xarm_ros2/xarm_description/install/xarm_description/share/xarm_description//urdf/xarm5
-- Installing: /home/ikedalab/ros2_ws/src/xarm_ros2/xarm_description/install/xarm_description/share/xarm_description//urdf/xarm5/xarm5.urdf.xacro
-- Installing: /home/ikedalab/ros2_ws/src/xarm_ros2/xarm_description/install/xarm_description/share/xarm_description//urdf/xarm5/xarm5.transmission.xacro
-- Installing: /home/ikedalab/ros2_ws/src/xarm_ros2/xarm_description/install/xarm_description/share/xarm_description//urdf/xarm5/xarm5_robot_macro.xacro
-- Installing: /home/ikedalab/ros2_ws/src/xarm_ros2/xarm_description/install/xarm_description/share/xarm_description//urdf/xarm5/xarm5.gazebo.xacro
-- Installing: /home/ikedalab/ros2_ws/src/xarm_ros2/xarm_description/install/xarm_description/share/xarm_description//urdf/xarm5/xarm5.ros2_control.xacro
-- Installing: /home/ikedalab/ros2_ws/src/xarm_ros2/xarm_description/install/xarm_description/share/xarm_description//urdf/uf850
-- Installing: /home/ikedalab/ros2_ws/src/xarm_ros2/xarm_description/install/xarm_description/share/xarm_description//urdf/uf850/uf850.gazebo.xacro
-- Installing: /home/ikedalab/ros2_ws/src/xarm_ros2/xarm_description/install/xarm_description/share/xarm_description//urdf/uf850/uf850.transmission.xacro
-- Installing: /home/ikedalab/ros2_ws/src/xarm_ros2/xarm_description/install/xarm_description/share/xarm_description//urdf/uf850/uf850_robot_macro.xacro
-- Installing: /home/ikedalab/ros2_ws/src/xarm_ros2/xarm_description/install/xarm_description/share/xarm_description//urdf/uf850/uf850.urdf.xacro
-- Installing: /home/ikedalab/ros2_ws/src/xarm_ros2/xarm_description/install/xarm_description/share/xarm_description//urdf/uf850/uf850.ros2_control.xacro
-- Installing: /home/ikedalab/ros2_ws/src/xarm_ros2/xarm_description/install/xarm_description/share/xarm_description//urdf/lite6
-- Installing: /home/ikedalab/ros2_ws/src/xarm_ros2/xarm_description/install/xarm_description/share/xarm_description//urdf/lite6/lite6.ros2_control.xacro
-- Installing: /home/ikedalab/ros2_ws/src/xarm_ros2/xarm_description/install/xarm_description/share/xarm_description//urdf/lite6/lite6_robot_macro.xacro
-- Installing: /home/ikedalab/ros2_ws/src/xarm_ros2/xarm_description/install/xarm_description/share/xarm_description//urdf/lite6/lite6.gazebo.xacro
-- Installing: /home/ikedalab/ros2_ws/src/xarm_ros2/xarm_description/install/xarm_description/share/xarm_description//urdf/lite6/lite6.transmission.xacro
-- Installing: /home/ikedalab/ros2_ws/src/xarm_ros2/xarm_description/install/xarm_description/share/xarm_description//urdf/lite6/lite6.urdf.xacro
-- Installing: /home/ikedalab/ros2_ws/src/xarm_ros2/xarm_description/install/xarm_description/share/xarm_description//urdf/other
-- Installing: /home/ikedalab/ros2_ws/src/xarm_ros2/xarm_description/install/xarm_description/share/xarm_description//urdf/other/other_geometry.urdf.xacro
-- Installing: /home/ikedalab/ros2_ws/src/xarm_ros2/xarm_description/install/xarm_description/share/xarm_description//urdf/xarm7
-- Installing: /home/ikedalab/ros2_ws/src/xarm_ros2/xarm_description/install/xarm_description/share/xarm_description//urdf/xarm7/xarm7.gazebo.xacro
-- Installing: /home/ikedalab/ros2_ws/src/xarm_ros2/xarm_description/install/xarm_description/share/xarm_description//urdf/xarm7/xarm7.urdf.xacro
-- Installing: /home/ikedalab/ros2_ws/src/xarm_ros2/xarm_description/install/xarm_description/share/xarm_description//urdf/xarm7/xarm7.transmission.xacro
-- Installing: /home/ikedalab/ros2_ws/src/xarm_ros2/xarm_description/install/xarm_description/share/xarm_description//urdf/xarm7/xarm7_robot_macro.xacro
-- Installing: /home/ikedalab/ros2_ws/src/xarm_ros2/xarm_description/install/xarm_description/share/xarm_description//urdf/xarm7/xarm7.ros2_control.xacro
-- Installing: /home/ikedalab/ros2_ws/src/xarm_ros2/xarm_description/install/xarm_description/share/xarm_description//urdf/dual_xarm_device.urdf.xacro
-- Installing: /home/ikedalab/ros2_ws/src/xarm_ros2/xarm_description/install/xarm_description/share/xarm_description//urdf/gripper
-- Installing: /home/ikedalab/ros2_ws/src/xarm_ros2/xarm_description/install/xarm_description/share/xarm_description//urdf/gripper/xarm_gripper.ros2_control.xacro
-- Installing: /home/ikedalab/ros2_ws/src/xarm_ros2/xarm_description/install/xarm_description/share/xarm_description//urdf/gripper/xarm_gripper.urdf.xacro
-- Installing: /home/ikedalab/ros2_ws/src/xarm_ros2/xarm_description/install/xarm_description/share/xarm_description//urdf/gripper/lite_gripper.urdf.xacro
-- Installing: /home/ikedalab/ros2_ws/src/xarm_ros2/xarm_description/install/xarm_description/share/xarm_description//urdf/gripper/xarm_gripper.transmission.xacro
-- Installing: /home/ikedalab/ros2_ws/src/xarm_ros2/xarm_description/install/xarm_description/share/xarm_description//urdf/gripper/xarm_gripper_macro.xacro
-- Installing: /home/ikedalab/ros2_ws/src/xarm_ros2/xarm_description/install/xarm_description/share/xarm_description//urdf/gripper/xarm_gripper.gazebo.xacro
-- Installing: /home/ikedalab/ros2_ws/src/xarm_ros2/xarm_description/install/xarm_description/share/xarm_description//urdf/xarm_device_macro.xacro
-- Installing: /home/ikedalab/ros2_ws/src/xarm_ros2/xarm_description/install/xarm_description/share/xarm_description//urdf/camera
-- Installing: /home/ikedalab/ros2_ws/src/xarm_ros2/xarm_description/install/xarm_description/share/xarm_description//urdf/camera/realsense_d435i.urdf.xacro
-- Installing: /home/ikedalab/ros2_ws/src/xarm_ros2/xarm_description/install/xarm_description/share/xarm_description//urdf/camera/camera.gazebo.xacro
-- Installing: /home/ikedalab/ros2_ws/src/xarm_ros2/xarm_description/install/xarm_description/share/xarm_description//urdf/camera/realsense.gazebo.xacro
-- Installing: /home/ikedalab/ros2_ws/src/xarm_ros2/xarm_description/install/xarm_description/share/xarm_description//urdf/xarm_device.urdf.xacro
-- Installing: /home/ikedalab/ros2_ws/src/xarm_ros2/xarm_description/install/xarm_description/share/xarm_description//config
-- Installing: /home/ikedalab/ros2_ws/src/xarm_ros2/xarm_description/install/xarm_description/share/xarm_description//config/link_inertial
-- Installing: /home/ikedalab/ros2_ws/src/xarm_ros2/xarm_description/install/xarm_description/share/xarm_description//config/link_inertial/xarm7_type7_HT_BR2.yaml
-- Installing: /home/ikedalab/ros2_ws/src/xarm_ros2/xarm_description/install/xarm_description/share/xarm_description//config/link_inertial/xarm5_type5_HT_BR.yaml
-- Installing: /home/ikedalab/ros2_ws/src/xarm_ros2/xarm_description/install/xarm_description/share/xarm_description//config/link_inertial/xarm6_type8_HT2_BR2.yaml
-- Installing: /home/ikedalab/ros2_ws/src/xarm_ros2/xarm_description/install/xarm_description/share/xarm_description//config/link_inertial/xarm7_type7_HT_LD.yaml
-- Installing: /home/ikedalab/ros2_ws/src/xarm_ros2/xarm_description/install/xarm_description/share/xarm_description//config/link_inertial/xarm6_type6_HT2_LD.yaml
-- Installing: /home/ikedalab/ros2_ws/src/xarm_ros2/xarm_description/install/xarm_description/share/xarm_description//config/link_inertial/xarm7_type7_HT_BR.yaml
-- Installing: /home/ikedalab/ros2_ws/src/xarm_ros2/xarm_description/install/xarm_description/share/xarm_description//config/link_inertial/xarm6_type6_HT_LD.yaml
-- Installing: /home/ikedalab/ros2_ws/src/xarm_ros2/xarm_description/install/xarm_description/share/xarm_description//config/link_inertial/xarm6_type6_HT_BR.yaml
-- Installing: /home/ikedalab/ros2_ws/src/xarm_ros2/xarm_description/install/xarm_description/share/xarm_description//config/link_inertial/gen_link_inertial_params.py
-- Installing: /home/ikedalab/ros2_ws/src/xarm_ros2/xarm_description/install/xarm_description/share/xarm_description//config/link_inertial/xarm5_type5_HT_LD.yaml
-- Installing: /home/ikedalab/ros2_ws/src/xarm_ros2/xarm_description/install/xarm_description/share/xarm_description//config/link_inertial/xarm6_type6_HT_BR2.yaml
-- Installing: /home/ikedalab/ros2_ws/src/xarm_ros2/xarm_description/install/xarm_description/share/xarm_description//config/link_inertial/xarm6_type9_HT_BR2.yaml
-- Installing: /home/ikedalab/ros2_ws/src/xarm_ros2/xarm_description/install/xarm_description/share/xarm_description//config/link_inertial/xarm6_type11_HT_LD.yaml
-- Installing: /home/ikedalab/ros2_ws/src/xarm_ros2/xarm_description/install/xarm_description/share/xarm_description//config/link_inertial/xarm6_type12_HT_LDBR2.yaml
-- Installing: /home/ikedalab/ros2_ws/src/xarm_ros2/xarm_description/install/xarm_description/share/xarm_description//config/link_inertial/xarm5_type5_HT_BR2.yaml
-- Installing: /home/ikedalab/ros2_ws/src/xarm_ros2/xarm_description/install/xarm_description/share/xarm_description//config/link_inertial/xarm7_type3_YT_SP.yaml
-- Installing: /home/ikedalab/ros2_ws/src/xarm_ros2/xarm_description/install/xarm_description/share/xarm_description//meshes
-- Installing: /home/ikedalab/ros2_ws/src/xarm_ros2/xarm_description/install/xarm_description/share/xarm_description//meshes/xarm6
-- Installing: /home/ikedalab/ros2_ws/src/xarm_ros2/xarm_description/install/xarm_description/share/xarm_description//meshes/xarm6/visual
-- Installing: /home/ikedalab/ros2_ws/src/xarm_ros2/xarm_description/install/xarm_description/share/xarm_description//meshes/xarm6/visual/link1.stl
-- Installing: /home/ikedalab/ros2_ws/src/xarm_ros2/xarm_description/install/xarm_description/share/xarm_description//meshes/xarm6/visual/base.stl
-- Installing: /home/ikedalab/ros2_ws/src/xarm_ros2/xarm_description/install/xarm_description/share/xarm_description//meshes/xarm6/visual/link2.stl
-- Installing: /home/ikedalab/ros2_ws/src/xarm_ros2/xarm_description/install/xarm_description/share/xarm_description//meshes/xarm6/visual/link4.stl
-- Installing: /home/ikedalab/ros2_ws/src/xarm_ros2/xarm_description/install/xarm_description/share/xarm_description//meshes/xarm6/visual/link6.stl
-- Installing: /home/ikedalab/ros2_ws/src/xarm_ros2/xarm_description/install/xarm_description/share/xarm_description//meshes/xarm6/visual/link5.stl
-- Installing: /home/ikedalab/ros2_ws/src/xarm_ros2/xarm_description/install/xarm_description/share/xarm_description//meshes/xarm6/visual/link3.stl
-- Installing: /home/ikedalab/ros2_ws/src/xarm_ros2/xarm_description/install/xarm_description/share/xarm_description//meshes/vacuum_gripper
-- Installing: /home/ikedalab/ros2_ws/src/xarm_ros2/xarm_description/install/xarm_description/share/xarm_description//meshes/vacuum_gripper/xarm
-- Installing: /home/ikedalab/ros2_ws/src/xarm_ros2/xarm_description/install/xarm_description/share/xarm_description//meshes/vacuum_gripper/xarm/visual
-- Installing: /home/ikedalab/ros2_ws/src/xarm_ros2/xarm_description/install/xarm_description/share/xarm_description//meshes/vacuum_gripper/xarm/visual/vacuum_gripper.STL
-- Installing: /home/ikedalab/ros2_ws/src/xarm_ros2/xarm_description/install/xarm_description/share/xarm_description//meshes/vacuum_gripper/xarm/collision
-- Installing: /home/ikedalab/ros2_ws/src/xarm_ros2/xarm_description/install/xarm_description/share/xarm_description//meshes/vacuum_gripper/xarm/collision/vacuum_gripper.STL
-- Installing: /home/ikedalab/ros2_ws/src/xarm_ros2/xarm_description/install/xarm_description/share/xarm_description//meshes/vacuum_gripper/lite
-- Installing: /home/ikedalab/ros2_ws/src/xarm_ros2/xarm_description/install/xarm_description/share/xarm_description//meshes/vacuum_gripper/lite/visual
-- Installing: /home/ikedalab/ros2_ws/src/xarm_ros2/xarm_description/install/xarm_description/share/xarm_description//meshes/vacuum_gripper/lite/visual/vacuum_gripper_lite.stl
-- Installing: /home/ikedalab/ros2_ws/src/xarm_ros2/xarm_description/install/xarm_description/share/xarm_description//meshes/vacuum_gripper/lite/collision
-- Installing: /home/ikedalab/ros2_ws/src/xarm_ros2/xarm_description/install/xarm_description/share/xarm_description//meshes/vacuum_gripper/lite/collision/vacuum_gripper_lite.stl
-- Installing: /home/ikedalab/ros2_ws/src/xarm_ros2/xarm_description/install/xarm_description/share/xarm_description//meshes/xarm5
-- Installing: /home/ikedalab/ros2_ws/src/xarm_ros2/xarm_description/install/xarm_description/share/xarm_description//meshes/xarm5/visual
-- Installing: /home/ikedalab/ros2_ws/src/xarm_ros2/xarm_description/install/xarm_description/share/xarm_description//meshes/xarm5/visual/link4.STL
-- Installing: /home/ikedalab/ros2_ws/src/xarm_ros2/xarm_description/install/xarm_description/share/xarm_description//meshes/xarm5/visual/link1.STL
-- Installing: /home/ikedalab/ros2_ws/src/xarm_ros2/xarm_description/install/xarm_description/share/xarm_description//meshes/xarm5/visual/link5.STL
-- Installing: /home/ikedalab/ros2_ws/src/xarm_ros2/xarm_description/install/xarm_description/share/xarm_description//meshes/xarm5/visual/link3.STL
-- Installing: /home/ikedalab/ros2_ws/src/xarm_ros2/xarm_description/install/xarm_description/share/xarm_description//meshes/xarm5/visual/base_link.STL
-- Installing: /home/ikedalab/ros2_ws/src/xarm_ros2/xarm_description/install/xarm_description/share/xarm_description//meshes/xarm5/visual/link2.STL
-- Installing: /home/ikedalab/ros2_ws/src/xarm_ros2/xarm_description/install/xarm_description/share/xarm_description//meshes/uf850
-- Installing: /home/ikedalab/ros2_ws/src/xarm_ros2/xarm_description/install/xarm_description/share/xarm_description//meshes/uf850/visual
-- Installing: /home/ikedalab/ros2_ws/src/xarm_ros2/xarm_description/install/xarm_description/share/xarm_description//meshes/uf850/visual/link_base.STL
-- Installing: /home/ikedalab/ros2_ws/src/xarm_ros2/xarm_description/install/xarm_description/share/xarm_description//meshes/uf850/visual/link4.STL
-- Installing: /home/ikedalab/ros2_ws/src/xarm_ros2/xarm_description/install/xarm_description/share/xarm_description//meshes/uf850/visual/link1.STL
-- Installing: /home/ikedalab/ros2_ws/src/xarm_ros2/xarm_description/install/xarm_description/share/xarm_description//meshes/uf850/visual/link5.STL
-- Installing: /home/ikedalab/ros2_ws/src/xarm_ros2/xarm_description/install/xarm_description/share/xarm_description//meshes/uf850/visual/link3.STL
-- Installing: /home/ikedalab/ros2_ws/src/xarm_ros2/xarm_description/install/xarm_description/share/xarm_description//meshes/uf850/visual/link6.STL
-- Installing: /home/ikedalab/ros2_ws/src/xarm_ros2/xarm_description/install/xarm_description/share/xarm_description//meshes/uf850/visual/link2.STL
-- Installing: /home/ikedalab/ros2_ws/src/xarm_ros2/xarm_description/install/xarm_description/share/xarm_description//meshes/uf850/collision
-- Installing: /home/ikedalab/ros2_ws/src/xarm_ros2/xarm_description/install/xarm_description/share/xarm_description//meshes/uf850/collision/link_base.STL
-- Installing: /home/ikedalab/ros2_ws/src/xarm_ros2/xarm_description/install/xarm_description/share/xarm_description//meshes/uf850/collision/link4.STL
-- Installing: /home/ikedalab/ros2_ws/src/xarm_ros2/xarm_description/install/xarm_description/share/xarm_description//meshes/uf850/collision/link1.STL
-- Installing: /home/ikedalab/ros2_ws/src/xarm_ros2/xarm_description/install/xarm_description/share/xarm_description//meshes/uf850/collision/link5.STL
-- Installing: /home/ikedalab/ros2_ws/src/xarm_ros2/xarm_description/install/xarm_description/share/xarm_description//meshes/uf850/collision/link3.STL
-- Installing: /home/ikedalab/ros2_ws/src/xarm_ros2/xarm_description/install/xarm_description/share/xarm_description//meshes/uf850/collision/link6.STL
-- Installing: /home/ikedalab/ros2_ws/src/xarm_ros2/xarm_description/install/xarm_description/share/xarm_description//meshes/uf850/collision/link2.STL
-- Installing: /home/ikedalab/ros2_ws/src/xarm_ros2/xarm_description/install/xarm_description/share/xarm_description//meshes/lite6
-- Installing: /home/ikedalab/ros2_ws/src/xarm_ros2/xarm_description/install/xarm_description/share/xarm_description//meshes/lite6/visual
-- Installing: /home/ikedalab/ros2_ws/src/xarm_ros2/xarm_description/install/xarm_description/share/xarm_description//meshes/lite6/visual/link1.stl
-- Installing: /home/ikedalab/ros2_ws/src/xarm_ros2/xarm_description/install/xarm_description/share/xarm_description//meshes/lite6/visual/base.stl
-- Installing: /home/ikedalab/ros2_ws/src/xarm_ros2/xarm_description/install/xarm_description/share/xarm_description//meshes/lite6/visual/link2.stl
-- Installing: /home/ikedalab/ros2_ws/src/xarm_ros2/xarm_description/install/xarm_description/share/xarm_description//meshes/lite6/visual/link4.stl
-- Installing: /home/ikedalab/ros2_ws/src/xarm_ros2/xarm_description/install/xarm_description/share/xarm_description//meshes/lite6/visual/link6.stl
-- Installing: /home/ikedalab/ros2_ws/src/xarm_ros2/xarm_description/install/xarm_description/share/xarm_description//meshes/lite6/visual/link5.stl
-- Installing: /home/ikedalab/ros2_ws/src/xarm_ros2/xarm_description/install/xarm_description/share/xarm_description//meshes/lite6/visual/link3.stl
-- Installing: /home/ikedalab/ros2_ws/src/xarm_ros2/xarm_description/install/xarm_description/share/xarm_description//meshes/lite6/collision
-- Installing: /home/ikedalab/ros2_ws/src/xarm_ros2/xarm_description/install/xarm_description/share/xarm_description//meshes/lite6/collision/link1.stl
-- Installing: /home/ikedalab/ros2_ws/src/xarm_ros2/xarm_description/install/xarm_description/share/xarm_description//meshes/lite6/collision/base.stl
-- Installing: /home/ikedalab/ros2_ws/src/xarm_ros2/xarm_description/install/xarm_description/share/xarm_description//meshes/lite6/collision/link2.stl
-- Installing: /home/ikedalab/ros2_ws/src/xarm_ros2/xarm_description/install/xarm_description/share/xarm_description//meshes/lite6/collision/link4.stl
-- Installing: /home/ikedalab/ros2_ws/src/xarm_ros2/xarm_description/install/xarm_description/share/xarm_description//meshes/lite6/collision/link6.stl
-- Installing: /home/ikedalab/ros2_ws/src/xarm_ros2/xarm_description/install/xarm_description/share/xarm_description//meshes/lite6/collision/link5.stl
-- Installing: /home/ikedalab/ros2_ws/src/xarm_ros2/xarm_description/install/xarm_description/share/xarm_description//meshes/lite6/collision/link3.stl
-- Installing: /home/ikedalab/ros2_ws/src/xarm_ros2/xarm_description/install/xarm_description/share/xarm_description//meshes/xarm7
-- Installing: /home/ikedalab/ros2_ws/src/xarm_ros2/xarm_description/install/xarm_description/share/xarm_description//meshes/xarm7/visual
-- Installing: /home/ikedalab/ros2_ws/src/xarm_ros2/xarm_description/install/xarm_description/share/xarm_description//meshes/xarm7/visual/link_base.STL
-- Installing: /home/ikedalab/ros2_ws/src/xarm_ros2/xarm_description/install/xarm_description/share/xarm_description//meshes/xarm7/visual/link4.STL
-- Installing: /home/ikedalab/ros2_ws/src/xarm_ros2/xarm_description/install/xarm_description/share/xarm_description//meshes/xarm7/visual/link1.STL
-- Installing: /home/ikedalab/ros2_ws/src/xarm_ros2/xarm_description/install/xarm_description/share/xarm_description//meshes/xarm7/visual/link5.STL
-- Installing: /home/ikedalab/ros2_ws/src/xarm_ros2/xarm_description/install/xarm_description/share/xarm_description//meshes/xarm7/visual/link3.STL
-- Installing: /home/ikedalab/ros2_ws/src/xarm_ros2/xarm_description/install/xarm_description/share/xarm_description//meshes/xarm7/visual/link6.STL
-- Installing: /home/ikedalab/ros2_ws/src/xarm_ros2/xarm_description/install/xarm_description/share/xarm_description//meshes/xarm7/visual/link7.STL
-- Installing: /home/ikedalab/ros2_ws/src/xarm_ros2/xarm_description/install/xarm_description/share/xarm_description//meshes/xarm7/visual/link2.STL
-- Installing: /home/ikedalab/ros2_ws/src/xarm_ros2/xarm_description/install/xarm_description/share/xarm_description//meshes/end_tool
-- Installing: /home/ikedalab/ros2_ws/src/xarm_ros2/xarm_description/install/xarm_description/share/xarm_description//meshes/end_tool/visual
-- Installing: /home/ikedalab/ros2_ws/src/xarm_ros2/xarm_description/install/xarm_description/share/xarm_description//meshes/end_tool/visual/end_tool_1300.STL
-- Installing: /home/ikedalab/ros2_ws/src/xarm_ros2/xarm_description/install/xarm_description/share/xarm_description//meshes/end_tool/collision
-- Installing: /home/ikedalab/ros2_ws/src/xarm_ros2/xarm_description/install/xarm_description/share/xarm_description//meshes/end_tool/collision/end_tool_1300.STL
-- Installing: /home/ikedalab/ros2_ws/src/xarm_ros2/xarm_description/install/xarm_description/share/xarm_description//meshes/end_tool/collision/end_tool.STL
-- Installing: /home/ikedalab/ros2_ws/src/xarm_ros2/xarm_description/install/xarm_description/share/xarm_description//meshes/gripper
-- Installing: /home/ikedalab/ros2_ws/src/xarm_ros2/xarm_description/install/xarm_description/share/xarm_description//meshes/gripper/xarm
-- Installing: /home/ikedalab/ros2_ws/src/xarm_ros2/xarm_description/install/xarm_description/share/xarm_description//meshes/gripper/xarm/right_outer_knuckle.STL
-- Installing: /home/ikedalab/ros2_ws/src/xarm_ros2/xarm_description/install/xarm_description/share/xarm_description//meshes/gripper/xarm/right_finger.STL
-- Installing: /home/ikedalab/ros2_ws/src/xarm_ros2/xarm_description/install/xarm_description/share/xarm_description//meshes/gripper/xarm/left_outer_knuckle.STL
-- Installing: /home/ikedalab/ros2_ws/src/xarm_ros2/xarm_description/install/xarm_description/share/xarm_description//meshes/gripper/xarm/left_inner_knuckle.STL
-- Installing: /home/ikedalab/ros2_ws/src/xarm_ros2/xarm_description/install/xarm_description/share/xarm_description//meshes/gripper/xarm/base_link.STL
-- Installing: /home/ikedalab/ros2_ws/src/xarm_ros2/xarm_description/install/xarm_description/share/xarm_description//meshes/gripper/xarm/right_inner_knuckle.STL
-- Installing: /home/ikedalab/ros2_ws/src/xarm_ros2/xarm_description/install/xarm_description/share/xarm_description//meshes/gripper/xarm/left_finger.STL
-- Installing: /home/ikedalab/ros2_ws/src/xarm_ros2/xarm_description/install/xarm_description/share/xarm_description//meshes/gripper/lite
-- Installing: /home/ikedalab/ros2_ws/src/xarm_ros2/xarm_description/install/xarm_description/share/xarm_description//meshes/gripper/lite/visual
-- Installing: /home/ikedalab/ros2_ws/src/xarm_ros2/xarm_description/install/xarm_description/share/xarm_description//meshes/gripper/lite/visual/gripper_lite.stl
-- Installing: /home/ikedalab/ros2_ws/src/xarm_ros2/xarm_description/install/xarm_description/share/xarm_description//meshes/gripper/lite/collision
-- Installing: /home/ikedalab/ros2_ws/src/xarm_ros2/xarm_description/install/xarm_description/share/xarm_description//meshes/gripper/lite/collision/gripper_lite.stl
-- Installing: /home/ikedalab/ros2_ws/src/xarm_ros2/xarm_description/install/xarm_description/share/xarm_description//meshes/camera
-- Installing: /home/ikedalab/ros2_ws/src/xarm_ros2/xarm_description/install/xarm_description/share/xarm_description//meshes/camera/realsense
-- Installing: /home/ikedalab/ros2_ws/src/xarm_ros2/xarm_description/install/xarm_description/share/xarm_description//meshes/camera/realsense/visual
-- Installing: /home/ikedalab/ros2_ws/src/xarm_ros2/xarm_description/install/xarm_description/share/xarm_description//meshes/camera/realsense/visual/d435_with_cam_stand.STL
-- Installing: /home/ikedalab/ros2_ws/src/xarm_ros2/xarm_description/install/xarm_description/share/xarm_description//meshes/camera/realsense/collision
-- Installing: /home/ikedalab/ros2_ws/src/xarm_ros2/xarm_description/install/xarm_description/share/xarm_description//meshes/camera/realsense/collision/d435_with_cam_stand.STL
-- Installing: /home/ikedalab/ros2_ws/src/xarm_ros2/xarm_description/install/xarm_description/share/xarm_description//launch
-- Installing: /home/ikedalab/ros2_ws/src/xarm_ros2/xarm_description/install/xarm_description/share/xarm_description//launch/uf850_rviz_display.launch.py
-- Installing: /home/ikedalab/ros2_ws/src/xarm_ros2/xarm_description/install/xarm_description/share/xarm_description//launch/_rviz_display.launch.py
-- Installing: /home/ikedalab/ros2_ws/src/xarm_ros2/xarm_description/install/xarm_description/share/xarm_description//launch/xarm6_rviz_display.launch.py
-- Installing: /home/ikedalab/ros2_ws/src/xarm_ros2/xarm_description/install/xarm_description/share/xarm_description//launch/lib
-- Installing: /home/ikedalab/ros2_ws/src/xarm_ros2/xarm_description/install/xarm_description/share/xarm_description//launch/lib/robot_description_lib.py
-- Installing: /home/ikedalab/ros2_ws/src/xarm_ros2/xarm_description/install/xarm_description/share/xarm_description//launch/xarm5_rviz_display.launch.py
-- Installing: /home/ikedalab/ros2_ws/src/xarm_ros2/xarm_description/install/xarm_description/share/xarm_description//launch/_robot_joint_state.launch.py
-- Installing: /home/ikedalab/ros2_ws/src/xarm_ros2/xarm_description/install/xarm_description/share/xarm_description//launch/xarm7_rviz_display.launch.py
-- Installing: /home/ikedalab/ros2_ws/src/xarm_ros2/xarm_description/install/xarm_description/share/xarm_description//launch/_robot_description.launch.py
-- Installing: /home/ikedalab/ros2_ws/src/xarm_ros2/xarm_description/install/xarm_description/share/xarm_description//launch/_robot_rviz_display.launch.py
-- Installing: /home/ikedalab/ros2_ws/src/xarm_ros2/xarm_description/install/xarm_description/share/xarm_description//launch/lite6_rviz_display.launch.py
-- Installing: /home/ikedalab/ros2_ws/src/xarm_ros2/xarm_description/install/xarm_description/share/ament_index/resource_index/package_run_dependencies/xarm_description
-- Installing: /home/ikedalab/ros2_ws/src/xarm_ros2/xarm_description/install/xarm_description/share/ament_index/resource_index/parent_prefix_path/xarm_description
-- Installing: /home/ikedalab/ros2_ws/src/xarm_ros2/xarm_description/install/xarm_description/share/xarm_description/environment/ament_prefix_path.sh
-- Installing: /home/ikedalab/ros2_ws/src/xarm_ros2/xarm_description/install/xarm_description/share/xarm_description/environment/ament_prefix_path.dsv
-- Installing: /home/ikedalab/ros2_ws/src/xarm_ros2/xarm_description/install/xarm_description/share/xarm_description/environment/path.sh
-- Installing: /home/ikedalab/ros2_ws/src/xarm_ros2/xarm_description/install/xarm_description/share/xarm_description/environment/path.dsv
-- Installing: /home/ikedalab/ros2_ws/src/xarm_ros2/xarm_description/install/xarm_description/share/xarm_description/local_setup.bash
-- Installing: /home/ikedalab/ros2_ws/src/xarm_ros2/xarm_description/install/xarm_description/share/xarm_description/local_setup.sh
-- Installing: /home/ikedalab/ros2_ws/src/xarm_ros2/xarm_description/install/xarm_description/share/xarm_description/local_setup.zsh
-- Installing: /home/ikedalab/ros2_ws/src/xarm_ros2/xarm_description/install/xarm_description/share/xarm_description/local_setup.dsv
-- Installing: /home/ikedalab/ros2_ws/src/xarm_ros2/xarm_description/install/xarm_description/share/xarm_description/package.dsv
-- Installing: /home/ikedalab/ros2_ws/src/xarm_ros2/xarm_description/install/xarm_description/share/ament_index/resource_index/packages/xarm_description
-- Installing: /home/ikedalab/ros2_ws/src/xarm_ros2/xarm_description/install/xarm_description/share/xarm_description/cmake/xarm_descriptionConfig.cmake
-- Installing: /home/ikedalab/ros2_ws/src/xarm_ros2/xarm_description/install/xarm_description/share/xarm_description/cmake/xarm_descriptionConfig-version.cmake
-- Installing: /home/ikedalab/ros2_ws/src/xarm_ros2/xarm_description/install/xarm_description/share/xarm_description/package.xml
