[0.015s] Invoking command in '/home/ikedalab/ros2_ws/src/xarm_ros2/xarm_api/build/xarm_api': CMAKE_PREFIX_PATH=${CMAKE_PREFIX_PATH}:/opt/ros/foxy /usr/bin/cmake /home/ikedalab/ros2_ws/src/xarm_ros2/xarm_api -DCMAKE_INSTALL_PREFIX=/home/ikedalab/ros2_ws/src/xarm_ros2/xarm_api/install/xarm_api
[0.065s] -- The C compiler identification is GNU 9.4.0
[0.110s] -- The CXX compiler identification is GNU 9.4.0
[0.114s] -- Check for working C compiler: /usr/bin/cc
[0.173s] -- Check for working C compiler: /usr/bin/cc -- works
[0.173s] -- Detecting C compiler ABI info
[0.237s] -- Detecting C compiler ABI info - done
[0.249s] -- Detecting C compile features
[0.249s] -- Detecting C compile features - done
[0.251s] -- Check for working CXX compiler: /usr/bin/c++
[0.320s] -- Check for working CXX compiler: /usr/bin/c++ -- works
[0.321s] -- Detecting CXX compiler ABI info
[0.389s] -- Detecting CXX compiler ABI info - done
[0.399s] -- Detecting CXX compile features
[0.400s] -- Detecting CXX compile features - done
[0.402s] -- Found ament_cmake: 0.9.12 (/opt/ros/foxy/share/ament_cmake/cmake)
[0.422s] -- Found PythonInterp: /usr/bin/python3 (found suitable version "3.8.10", minimum required is "3") 
[0.423s] -- Using PYTHON_EXECUTABLE: /usr/bin/python3
[0.600s] -- Found ament_lint_auto: 0.9.8 (/opt/ros/foxy/share/ament_lint_auto/cmake)
[0.661s] -- Found rclcpp: 2.4.3 (/opt/ros/foxy/share/rclcpp/cmake)
[0.700s] -- Using all available rosidl_typesupport_c: rosidl_typesupport_fastrtps_c;rosidl_typesupport_introspection_c
[0.710s] -- Found rosidl_adapter: 1.3.1 (/opt/ros/foxy/share/rosidl_adapter/cmake)
[0.785s] -- Found OpenSSL: /usr/lib/x86_64-linux-gnu/libcrypto.so (found version "1.1.1f")  
[0.810s] -- Found FastRTPS: /opt/ros/foxy/include  
[0.879s] -- Using all available rosidl_typesupport_cpp: rosidl_typesupport_fastrtps_cpp;rosidl_typesupport_introspection_cpp
[0.931s] -- Found rmw_implementation_cmake: 1.0.4 (/opt/ros/foxy/share/rmw_implementation_cmake/cmake)
[0.932s] -- Using RMW implementation 'rmw_fastrtps_cpp' as default
[0.933s] -- Looking for pthread.h
[1.000s] -- Looking for pthread.h - found
[1.000s] -- Performing Test CMAKE_HAVE_LIBC_PTHREAD
[1.067s] -- Performing Test CMAKE_HAVE_LIBC_PTHREAD - Failed
[1.067s] -- Looking for pthread_create in pthreads
[1.118s] -- Looking for pthread_create in pthreads - not found
[1.119s] -- Looking for pthread_create in pthread
[1.179s] -- Looking for pthread_create in pthread - found
[1.180s] -- Found Threads: TRUE  
[1.322s] -- Found rclcpp_action: 2.4.3 (/opt/ros/foxy/share/rclcpp_action/cmake)
[1.391s] -- Found sensor_msgs: 2.0.5 (/opt/ros/foxy/share/sensor_msgs/cmake)
[1.505s] -- Found control_msgs: 2.5.1 (/opt/ros/foxy/share/control_msgs/cmake)
[1.807s] CMake Error at CMakeLists.txt:45 (find_package):
[1.807s]   By not providing "Findxarm_msgs.cmake" in CMAKE_MODULE_PATH this project
[1.807s]   has asked CMake to find a package configuration file provided by
[1.807s]   "xarm_msgs", but CMake did not find one.
[1.807s] 
[1.807s]   Could not find a package configuration file provided by "xarm_msgs" with
[1.807s]   any of the following names:
[1.808s] 
[1.808s]     xarm_msgsConfig.cmake
[1.808s]     xarm_msgs-config.cmake
[1.808s] 
[1.808s]   Add the installation prefix of "xarm_msgs" to CMAKE_PREFIX_PATH or set
[1.808s]   "xarm_msgs_DIR" to a directory containing one of the above files.  If
[1.808s]   "xarm_msgs" provides a separate development package or SDK, be sure it has
[1.808s]   been installed.
[1.808s] 
[1.808s] 
[1.809s] -- Configuring incomplete, errors occurred!
[1.809s] See also "/home/ikedalab/ros2_ws/src/xarm_ros2/xarm_api/build/xarm_api/CMakeFiles/CMakeOutput.log".
[1.809s] See also "/home/ikedalab/ros2_ws/src/xarm_ros2/xarm_api/build/xarm_api/CMakeFiles/CMakeError.log".
[1.816s] Invoked command in '/home/ikedalab/ros2_ws/src/xarm_ros2/xarm_api/build/xarm_api' returned '1': CMAKE_PREFIX_PATH=${CMAKE_PREFIX_PATH}:/opt/ros/foxy /usr/bin/cmake /home/ikedalab/ros2_ws/src/xarm_ros2/xarm_api -DCMAKE_INSTALL_PREFIX=/home/ikedalab/ros2_ws/src/xarm_ros2/xarm_api/install/xarm_api
