[0.285s] DEBUG:colcon:Command line arguments: ['/usr/bin/colcon', 'build']
[0.285s] DEBUG:colcon:Parsed command line arguments: Namespace(allow_overriding=[], ament_cmake_args=None, base_paths=['.'], build_base='build', catkin_cmake_args=None, catkin_skip_building_tests=False, cmake_args=None, cmake_clean_cache=False, cmake_clean_first=False, cmake_force_configure=False, cmake_target=None, cmake_target_skip_unavailable=False, continue_on_error=False, event_handlers=None, executor='parallel', ignore_user_meta=False, install_base='install', log_base=None, log_level=None, main=<bound method BuildVerb.main of <colcon_core.verb.build.BuildVerb object at 0x7f5ef25210a0>>, merge_install=False, metas=['./colcon.meta'], packages_above=None, packages_above_and_dependencies=None, packages_above_depth=None, packages_end=None, packages_ignore=None, packages_ignore_regex=None, packages_select=None, packages_select_build_failed=False, packages_select_by_dep=None, packages_select_regex=None, packages_select_test_failures=False, packages_skip=None, packages_skip_build_finished=False, packages_skip_by_dep=None, packages_skip_regex=None, packages_skip_test_passed=False, packages_skip_up_to=None, packages_start=None, packages_up_to=None, packages_up_to_regex=None, parallel_workers=8, paths=None, symlink_install=False, test_result_base=None, verb_extension=<colcon_core.verb.build.BuildVerb object at 0x7f5ef25210a0>, verb_name='build', verb_parser=<colcon_defaults.argument_parser.defaults.DefaultArgumentsDecorator object at 0x7f5ef25215e0>)
[0.314s] Level 1:colcon.colcon_core.package_discovery:discover_packages(colcon_meta) check parameters
[0.314s] Level 1:colcon.colcon_core.package_discovery:discover_packages(recursive) check parameters
[0.314s] Level 1:colcon.colcon_core.package_discovery:discover_packages(ignore) check parameters
[0.314s] Level 1:colcon.colcon_core.package_discovery:discover_packages(path) check parameters
[0.314s] Level 1:colcon.colcon_core.package_discovery:discover_packages(colcon_meta) discover
[0.314s] Level 1:colcon.colcon_core.package_discovery:discover_packages(recursive) discover
[0.314s] INFO:colcon.colcon_core.package_discovery:Crawling recursively for packages in '/home/ikedalab/ros2_ws/src/xarm_ros2/xarm_api'
[0.314s] Level 1:colcon.colcon_core.package_identification:_identify(.) by extensions ['ignore', 'ignore_ament_install']
[0.315s] Level 1:colcon.colcon_core.package_identification:_identify(.) by extension 'ignore'
[0.315s] Level 1:colcon.colcon_core.package_identification:_identify(.) by extension 'ignore_ament_install'
[0.315s] Level 1:colcon.colcon_core.package_identification:_identify(.) by extensions ['colcon_pkg']
[0.315s] Level 1:colcon.colcon_core.package_identification:_identify(.) by extension 'colcon_pkg'
[0.315s] Level 1:colcon.colcon_core.package_identification:_identify(.) by extensions ['colcon_meta']
[0.315s] Level 1:colcon.colcon_core.package_identification:_identify(.) by extension 'colcon_meta'
[0.315s] Level 1:colcon.colcon_core.package_identification:_identify(.) by extensions ['ros']
[0.315s] Level 1:colcon.colcon_core.package_identification:_identify(.) by extension 'ros'
[0.326s] DEBUG:colcon.colcon_core.package_identification:Package '.' with type 'ros.ament_cmake' and name 'xarm_api'
[0.326s] Level 1:colcon.colcon_core.package_discovery:discover_packages(recursive) using defaults
[0.326s] Level 1:colcon.colcon_core.package_discovery:discover_packages(ignore) discover
[0.326s] Level 1:colcon.colcon_core.package_discovery:discover_packages(ignore) using defaults
[0.326s] Level 1:colcon.colcon_core.package_discovery:discover_packages(path) discover
[0.326s] Level 1:colcon.colcon_core.package_discovery:discover_packages(path) using defaults
[0.345s] Level 1:colcon.colcon_core.package_discovery:discover_packages(prefix_path) check parameters
[0.345s] Level 1:colcon.colcon_core.package_discovery:discover_packages(prefix_path) discover
[0.348s] DEBUG:colcon.colcon_installed_package_information.package_discovery:Found 282 installed packages in /opt/ros/foxy
[0.349s] Level 1:colcon.colcon_core.package_discovery:discover_packages(prefix_path) using defaults
[0.414s] Level 5:colcon.colcon_core.verb:set package 'xarm_api' build argument 'cmake_args' from command line to 'None'
[0.414s] Level 5:colcon.colcon_core.verb:set package 'xarm_api' build argument 'cmake_target' from command line to 'None'
[0.414s] Level 5:colcon.colcon_core.verb:set package 'xarm_api' build argument 'cmake_target_skip_unavailable' from command line to 'False'
[0.414s] Level 5:colcon.colcon_core.verb:set package 'xarm_api' build argument 'cmake_clean_cache' from command line to 'False'
[0.414s] Level 5:colcon.colcon_core.verb:set package 'xarm_api' build argument 'cmake_clean_first' from command line to 'False'
[0.414s] Level 5:colcon.colcon_core.verb:set package 'xarm_api' build argument 'cmake_force_configure' from command line to 'False'
[0.414s] Level 5:colcon.colcon_core.verb:set package 'xarm_api' build argument 'ament_cmake_args' from command line to 'None'
[0.414s] Level 5:colcon.colcon_core.verb:set package 'xarm_api' build argument 'catkin_cmake_args' from command line to 'None'
[0.414s] Level 5:colcon.colcon_core.verb:set package 'xarm_api' build argument 'catkin_skip_building_tests' from command line to 'False'
[0.414s] DEBUG:colcon.colcon_core.verb:Building package 'xarm_api' with the following arguments: {'ament_cmake_args': None, 'build_base': '/home/ikedalab/ros2_ws/src/xarm_ros2/xarm_api/build/xarm_api', 'catkin_cmake_args': None, 'catkin_skip_building_tests': False, 'cmake_args': None, 'cmake_clean_cache': False, 'cmake_clean_first': False, 'cmake_force_configure': False, 'cmake_target': None, 'cmake_target_skip_unavailable': False, 'install_base': '/home/ikedalab/ros2_ws/src/xarm_ros2/xarm_api/install/xarm_api', 'merge_install': False, 'path': '/home/ikedalab/ros2_ws/src/xarm_ros2/xarm_api', 'symlink_install': False, 'test_result_base': None}
[0.415s] INFO:colcon.colcon_core.executor:Executing jobs using 'parallel' executor
[0.420s] DEBUG:colcon.colcon_parallel_executor.executor.parallel:run_until_complete
[0.420s] INFO:colcon.colcon_ros.task.ament_cmake.build:Building ROS package in '/home/ikedalab/ros2_ws/src/xarm_ros2/xarm_api' with build type 'ament_cmake'
[0.421s] INFO:colcon.colcon_cmake.task.cmake.build:Building CMake package in '/home/ikedalab/ros2_ws/src/xarm_ros2/xarm_api'
[0.425s] INFO:colcon.colcon_core.plugin_system:Skipping extension 'colcon_core.shell.bat': Not used on non-Windows systems
[0.425s] INFO:colcon.colcon_core.shell:Skip shell extension 'powershell' for command environment: Not usable outside of PowerShell
[0.425s] DEBUG:colcon.colcon_core.shell:Skip shell extension 'dsv' for command environment
[0.436s] DEBUG:colcon.colcon_core.event_handler.log_command:Invoking command in '/home/ikedalab/ros2_ws/src/xarm_ros2/xarm_api/build/xarm_api': CMAKE_PREFIX_PATH=${CMAKE_PREFIX_PATH}:/opt/ros/foxy /usr/bin/cmake /home/ikedalab/ros2_ws/src/xarm_ros2/xarm_api -DCMAKE_INSTALL_PREFIX=/home/ikedalab/ros2_ws/src/xarm_ros2/xarm_api/install/xarm_api
[2.237s] DEBUG:colcon.colcon_core.event_handler.log_command:Invoked command in '/home/ikedalab/ros2_ws/src/xarm_ros2/xarm_api/build/xarm_api' returned '1': CMAKE_PREFIX_PATH=${CMAKE_PREFIX_PATH}:/opt/ros/foxy /usr/bin/cmake /home/ikedalab/ros2_ws/src/xarm_ros2/xarm_api -DCMAKE_INSTALL_PREFIX=/home/ikedalab/ros2_ws/src/xarm_ros2/xarm_api/install/xarm_api
[2.249s] Level 1:colcon.colcon_core.environment:create_environment_scripts_only(xarm_api)
[2.262s] Level 1:colcon.colcon_core.environment:checking '/home/ikedalab/ros2_ws/src/xarm_ros2/xarm_api/install/xarm_api' for CMake module files
[2.263s] Level 1:colcon.colcon_core.environment:checking '/home/ikedalab/ros2_ws/src/xarm_ros2/xarm_api/install/xarm_api' for CMake config files
[2.264s] Level 1:colcon.colcon_core.environment:checking '/home/ikedalab/ros2_ws/src/xarm_ros2/xarm_api/install/xarm_api/bin'
[2.264s] Level 1:colcon.colcon_core.environment:checking '/home/ikedalab/ros2_ws/src/xarm_ros2/xarm_api/install/xarm_api/lib/pkgconfig/xarm_api.pc'
[2.264s] Level 1:colcon.colcon_core.environment:checking '/home/ikedalab/ros2_ws/src/xarm_ros2/xarm_api/install/xarm_api/lib/python3.8/site-packages'
[2.264s] Level 1:colcon.colcon_core.environment:checking '/home/ikedalab/ros2_ws/src/xarm_ros2/xarm_api/install/xarm_api/bin'
[2.267s] INFO:colcon.colcon_core.shell:Creating package script '/home/ikedalab/ros2_ws/src/xarm_ros2/xarm_api/install/xarm_api/share/xarm_api/package.ps1'
[2.268s] INFO:colcon.colcon_core.shell:Creating package descriptor '/home/ikedalab/ros2_ws/src/xarm_ros2/xarm_api/install/xarm_api/share/xarm_api/package.dsv'
[2.268s] INFO:colcon.colcon_core.shell:Creating package script '/home/ikedalab/ros2_ws/src/xarm_ros2/xarm_api/install/xarm_api/share/xarm_api/package.sh'
[2.269s] INFO:colcon.colcon_core.shell:Creating package script '/home/ikedalab/ros2_ws/src/xarm_ros2/xarm_api/install/xarm_api/share/xarm_api/package.bash'
[2.269s] INFO:colcon.colcon_core.shell:Creating package script '/home/ikedalab/ros2_ws/src/xarm_ros2/xarm_api/install/xarm_api/share/xarm_api/package.zsh'
[2.270s] Level 1:colcon.colcon_core.environment:create_file_with_runtime_dependencies(/home/ikedalab/ros2_ws/src/xarm_ros2/xarm_api/install/xarm_api/share/colcon-core/packages/xarm_api)
[2.280s] DEBUG:colcon.colcon_parallel_executor.executor.parallel:closing loop
[2.280s] DEBUG:colcon.colcon_parallel_executor.executor.parallel:loop closed
[2.280s] DEBUG:colcon.colcon_parallel_executor.executor.parallel:run_until_complete finished with '1'
[2.281s] DEBUG:colcon.colcon_core.event_reactor:joining thread
[2.285s] INFO:colcon.colcon_core.plugin_system:Skipping extension 'colcon_notification.desktop_notification.terminal_notifier': Not used on non-Darwin systems
[2.285s] INFO:colcon.colcon_core.plugin_system:Skipping extension 'colcon_notification.desktop_notification.win32': Not used on non-Windows systems
[2.285s] INFO:colcon.colcon_notification.desktop_notification:Sending desktop notification using 'notify2'
[2.297s] DEBUG:colcon.colcon_core.event_reactor:joined thread
[2.299s] INFO:colcon.colcon_core.shell:Creating prefix script '/home/ikedalab/ros2_ws/src/xarm_ros2/xarm_api/install/local_setup.ps1'
[2.300s] INFO:colcon.colcon_core.shell:Creating prefix util module '/home/ikedalab/ros2_ws/src/xarm_ros2/xarm_api/install/_local_setup_util_ps1.py'
[2.301s] INFO:colcon.colcon_core.shell:Creating prefix chain script '/home/ikedalab/ros2_ws/src/xarm_ros2/xarm_api/install/setup.ps1'
[2.302s] INFO:colcon.colcon_core.shell:Creating prefix script '/home/ikedalab/ros2_ws/src/xarm_ros2/xarm_api/install/local_setup.sh'
[2.303s] INFO:colcon.colcon_core.shell:Creating prefix util module '/home/ikedalab/ros2_ws/src/xarm_ros2/xarm_api/install/_local_setup_util_sh.py'
[2.303s] INFO:colcon.colcon_core.shell:Creating prefix chain script '/home/ikedalab/ros2_ws/src/xarm_ros2/xarm_api/install/setup.sh'
[2.304s] INFO:colcon.colcon_core.shell:Creating prefix script '/home/ikedalab/ros2_ws/src/xarm_ros2/xarm_api/install/local_setup.bash'
[2.305s] INFO:colcon.colcon_core.shell:Creating prefix chain script '/home/ikedalab/ros2_ws/src/xarm_ros2/xarm_api/install/setup.bash'
[2.306s] INFO:colcon.colcon_core.shell:Creating prefix script '/home/ikedalab/ros2_ws/src/xarm_ros2/xarm_api/install/local_setup.zsh'
[2.306s] INFO:colcon.colcon_core.shell:Creating prefix chain script '/home/ikedalab/ros2_ws/src/xarm_ros2/xarm_api/install/setup.zsh'
