[0.281s] DEBUG:colcon:Command line arguments: ['/usr/bin/colcon', 'build']
[0.281s] DEBUG:colcon:Parsed command line arguments: Namespace(allow_overriding=[], ament_cmake_args=None, base_paths=['.'], build_base='build', catkin_cmake_args=None, catkin_skip_building_tests=False, cmake_args=None, cmake_clean_cache=False, cmake_clean_first=False, cmake_force_configure=False, cmake_target=None, cmake_target_skip_unavailable=False, continue_on_error=False, event_handlers=None, executor='parallel', ignore_user_meta=False, install_base='install', log_base=None, log_level=None, main=<bound method BuildVerb.main of <colcon_core.verb.build.BuildVerb object at 0x7efd62e202e0>>, merge_install=False, metas=['./colcon.meta'], packages_above=None, packages_above_and_dependencies=None, packages_above_depth=None, packages_end=None, packages_ignore=None, packages_ignore_regex=None, packages_select=None, packages_select_build_failed=False, packages_select_by_dep=None, packages_select_regex=None, packages_select_test_failures=False, packages_skip=None, packages_skip_build_finished=False, packages_skip_by_dep=None, packages_skip_regex=None, packages_skip_test_passed=False, packages_skip_up_to=None, packages_start=None, packages_up_to=None, packages_up_to_regex=None, parallel_workers=8, paths=None, symlink_install=False, test_result_base=None, verb_extension=<colcon_core.verb.build.BuildVerb object at 0x7efd62e202e0>, verb_name='build', verb_parser=<colcon_defaults.argument_parser.defaults.DefaultArgumentsDecorator object at 0x7efd62e20820>)
[0.311s] Level 1:colcon.colcon_core.package_discovery:discover_packages(colcon_meta) check parameters
[0.311s] Level 1:colcon.colcon_core.package_discovery:discover_packages(recursive) check parameters
[0.311s] Level 1:colcon.colcon_core.package_discovery:discover_packages(ignore) check parameters
[0.311s] Level 1:colcon.colcon_core.package_discovery:discover_packages(path) check parameters
[0.311s] Level 1:colcon.colcon_core.package_discovery:discover_packages(colcon_meta) discover
[0.311s] Level 1:colcon.colcon_core.package_discovery:discover_packages(recursive) discover
[0.311s] INFO:colcon.colcon_core.package_discovery:Crawling recursively for packages in '/home/ikedalab/ros2_ws/src/xarm_ros2/xarm_controller'
[0.311s] Level 1:colcon.colcon_core.package_identification:_identify(.) by extensions ['ignore', 'ignore_ament_install']
[0.311s] Level 1:colcon.colcon_core.package_identification:_identify(.) by extension 'ignore'
[0.311s] Level 1:colcon.colcon_core.package_identification:_identify(.) by extension 'ignore_ament_install'
[0.311s] Level 1:colcon.colcon_core.package_identification:_identify(.) by extensions ['colcon_pkg']
[0.311s] Level 1:colcon.colcon_core.package_identification:_identify(.) by extension 'colcon_pkg'
[0.311s] Level 1:colcon.colcon_core.package_identification:_identify(.) by extensions ['colcon_meta']
[0.311s] Level 1:colcon.colcon_core.package_identification:_identify(.) by extension 'colcon_meta'
[0.311s] Level 1:colcon.colcon_core.package_identification:_identify(.) by extensions ['ros']
[0.311s] Level 1:colcon.colcon_core.package_identification:_identify(.) by extension 'ros'
[0.323s] DEBUG:colcon.colcon_core.package_identification:Package '.' with type 'ros.ament_cmake' and name 'xarm_controller'
[0.323s] Level 1:colcon.colcon_core.package_discovery:discover_packages(recursive) using defaults
[0.323s] Level 1:colcon.colcon_core.package_discovery:discover_packages(ignore) discover
[0.323s] Level 1:colcon.colcon_core.package_discovery:discover_packages(ignore) using defaults
[0.323s] Level 1:colcon.colcon_core.package_discovery:discover_packages(path) discover
[0.323s] Level 1:colcon.colcon_core.package_discovery:discover_packages(path) using defaults
[0.341s] Level 1:colcon.colcon_core.package_discovery:discover_packages(prefix_path) check parameters
[0.342s] Level 1:colcon.colcon_core.package_discovery:discover_packages(prefix_path) discover
[0.345s] DEBUG:colcon.colcon_installed_package_information.package_discovery:Found 282 installed packages in /opt/ros/foxy
[0.346s] Level 1:colcon.colcon_core.package_discovery:discover_packages(prefix_path) using defaults
[0.412s] Level 5:colcon.colcon_core.verb:set package 'xarm_controller' build argument 'cmake_args' from command line to 'None'
[0.413s] Level 5:colcon.colcon_core.verb:set package 'xarm_controller' build argument 'cmake_target' from command line to 'None'
[0.413s] Level 5:colcon.colcon_core.verb:set package 'xarm_controller' build argument 'cmake_target_skip_unavailable' from command line to 'False'
[0.413s] Level 5:colcon.colcon_core.verb:set package 'xarm_controller' build argument 'cmake_clean_cache' from command line to 'False'
[0.413s] Level 5:colcon.colcon_core.verb:set package 'xarm_controller' build argument 'cmake_clean_first' from command line to 'False'
[0.413s] Level 5:colcon.colcon_core.verb:set package 'xarm_controller' build argument 'cmake_force_configure' from command line to 'False'
[0.413s] Level 5:colcon.colcon_core.verb:set package 'xarm_controller' build argument 'ament_cmake_args' from command line to 'None'
[0.413s] Level 5:colcon.colcon_core.verb:set package 'xarm_controller' build argument 'catkin_cmake_args' from command line to 'None'
[0.413s] Level 5:colcon.colcon_core.verb:set package 'xarm_controller' build argument 'catkin_skip_building_tests' from command line to 'False'
[0.413s] DEBUG:colcon.colcon_core.verb:Building package 'xarm_controller' with the following arguments: {'ament_cmake_args': None, 'build_base': '/home/ikedalab/ros2_ws/src/xarm_ros2/xarm_controller/build/xarm_controller', 'catkin_cmake_args': None, 'catkin_skip_building_tests': False, 'cmake_args': None, 'cmake_clean_cache': False, 'cmake_clean_first': False, 'cmake_force_configure': False, 'cmake_target': None, 'cmake_target_skip_unavailable': False, 'install_base': '/home/ikedalab/ros2_ws/src/xarm_ros2/xarm_controller/install/xarm_controller', 'merge_install': False, 'path': '/home/ikedalab/ros2_ws/src/xarm_ros2/xarm_controller', 'symlink_install': False, 'test_result_base': None}
[0.414s] INFO:colcon.colcon_core.executor:Executing jobs using 'parallel' executor
[0.419s] DEBUG:colcon.colcon_parallel_executor.executor.parallel:run_until_complete
[0.419s] INFO:colcon.colcon_ros.task.ament_cmake.build:Building ROS package in '/home/ikedalab/ros2_ws/src/xarm_ros2/xarm_controller' with build type 'ament_cmake'
[0.419s] INFO:colcon.colcon_cmake.task.cmake.build:Building CMake package in '/home/ikedalab/ros2_ws/src/xarm_ros2/xarm_controller'
[0.423s] INFO:colcon.colcon_core.plugin_system:Skipping extension 'colcon_core.shell.bat': Not used on non-Windows systems
[0.424s] INFO:colcon.colcon_core.shell:Skip shell extension 'powershell' for command environment: Not usable outside of PowerShell
[0.424s] DEBUG:colcon.colcon_core.shell:Skip shell extension 'dsv' for command environment
[0.434s] DEBUG:colcon.colcon_core.event_handler.log_command:Invoking command in '/home/ikedalab/ros2_ws/src/xarm_ros2/xarm_controller/build/xarm_controller': CMAKE_PREFIX_PATH=${CMAKE_PREFIX_PATH}:/opt/ros/foxy /usr/bin/cmake /home/ikedalab/ros2_ws/src/xarm_ros2/xarm_controller -DCMAKE_INSTALL_PREFIX=/home/ikedalab/ros2_ws/src/xarm_ros2/xarm_controller/install/xarm_controller
[1.114s] DEBUG:colcon.colcon_core.event_handler.log_command:Invoked command in '/home/ikedalab/ros2_ws/src/xarm_ros2/xarm_controller/build/xarm_controller' returned '1': CMAKE_PREFIX_PATH=${CMAKE_PREFIX_PATH}:/opt/ros/foxy /usr/bin/cmake /home/ikedalab/ros2_ws/src/xarm_ros2/xarm_controller -DCMAKE_INSTALL_PREFIX=/home/ikedalab/ros2_ws/src/xarm_ros2/xarm_controller/install/xarm_controller
[1.125s] Level 1:colcon.colcon_core.environment:create_environment_scripts_only(xarm_controller)
[1.131s] Level 1:colcon.colcon_core.environment:checking '/home/ikedalab/ros2_ws/src/xarm_ros2/xarm_controller/install/xarm_controller' for CMake module files
[1.132s] Level 1:colcon.colcon_core.environment:checking '/home/ikedalab/ros2_ws/src/xarm_ros2/xarm_controller/install/xarm_controller' for CMake config files
[1.132s] Level 1:colcon.colcon_core.environment:checking '/home/ikedalab/ros2_ws/src/xarm_ros2/xarm_controller/install/xarm_controller/bin'
[1.132s] Level 1:colcon.colcon_core.environment:checking '/home/ikedalab/ros2_ws/src/xarm_ros2/xarm_controller/install/xarm_controller/lib/pkgconfig/xarm_controller.pc'
[1.132s] Level 1:colcon.colcon_core.environment:checking '/home/ikedalab/ros2_ws/src/xarm_ros2/xarm_controller/install/xarm_controller/lib/python3.8/site-packages'
[1.132s] Level 1:colcon.colcon_core.environment:checking '/home/ikedalab/ros2_ws/src/xarm_ros2/xarm_controller/install/xarm_controller/bin'
[1.134s] INFO:colcon.colcon_core.shell:Creating package script '/home/ikedalab/ros2_ws/src/xarm_ros2/xarm_controller/install/xarm_controller/share/xarm_controller/package.ps1'
[1.135s] INFO:colcon.colcon_core.shell:Creating package descriptor '/home/ikedalab/ros2_ws/src/xarm_ros2/xarm_controller/install/xarm_controller/share/xarm_controller/package.dsv'
[1.136s] INFO:colcon.colcon_core.shell:Creating package script '/home/ikedalab/ros2_ws/src/xarm_ros2/xarm_controller/install/xarm_controller/share/xarm_controller/package.sh'
[1.136s] INFO:colcon.colcon_core.shell:Creating package script '/home/ikedalab/ros2_ws/src/xarm_ros2/xarm_controller/install/xarm_controller/share/xarm_controller/package.bash'
[1.137s] INFO:colcon.colcon_core.shell:Creating package script '/home/ikedalab/ros2_ws/src/xarm_ros2/xarm_controller/install/xarm_controller/share/xarm_controller/package.zsh'
[1.137s] Level 1:colcon.colcon_core.environment:create_file_with_runtime_dependencies(/home/ikedalab/ros2_ws/src/xarm_ros2/xarm_controller/install/xarm_controller/share/colcon-core/packages/xarm_controller)
[1.148s] DEBUG:colcon.colcon_parallel_executor.executor.parallel:closing loop
[1.148s] DEBUG:colcon.colcon_parallel_executor.executor.parallel:loop closed
[1.148s] DEBUG:colcon.colcon_parallel_executor.executor.parallel:run_until_complete finished with '1'
[1.148s] DEBUG:colcon.colcon_core.event_reactor:joining thread
[1.153s] INFO:colcon.colcon_core.plugin_system:Skipping extension 'colcon_notification.desktop_notification.terminal_notifier': Not used on non-Darwin systems
[1.153s] INFO:colcon.colcon_core.plugin_system:Skipping extension 'colcon_notification.desktop_notification.win32': Not used on non-Windows systems
[1.153s] INFO:colcon.colcon_notification.desktop_notification:Sending desktop notification using 'notify2'
[1.173s] DEBUG:colcon.colcon_core.event_reactor:joined thread
[1.175s] INFO:colcon.colcon_core.shell:Creating prefix script '/home/ikedalab/ros2_ws/src/xarm_ros2/xarm_controller/install/local_setup.ps1'
[1.176s] INFO:colcon.colcon_core.shell:Creating prefix util module '/home/ikedalab/ros2_ws/src/xarm_ros2/xarm_controller/install/_local_setup_util_ps1.py'
[1.177s] INFO:colcon.colcon_core.shell:Creating prefix chain script '/home/ikedalab/ros2_ws/src/xarm_ros2/xarm_controller/install/setup.ps1'
[1.178s] INFO:colcon.colcon_core.shell:Creating prefix script '/home/ikedalab/ros2_ws/src/xarm_ros2/xarm_controller/install/local_setup.sh'
[1.179s] INFO:colcon.colcon_core.shell:Creating prefix util module '/home/ikedalab/ros2_ws/src/xarm_ros2/xarm_controller/install/_local_setup_util_sh.py'
[1.179s] INFO:colcon.colcon_core.shell:Creating prefix chain script '/home/ikedalab/ros2_ws/src/xarm_ros2/xarm_controller/install/setup.sh'
[1.181s] INFO:colcon.colcon_core.shell:Creating prefix script '/home/ikedalab/ros2_ws/src/xarm_ros2/xarm_controller/install/local_setup.bash'
[1.181s] INFO:colcon.colcon_core.shell:Creating prefix chain script '/home/ikedalab/ros2_ws/src/xarm_ros2/xarm_controller/install/setup.bash'
[1.183s] INFO:colcon.colcon_core.shell:Creating prefix script '/home/ikedalab/ros2_ws/src/xarm_ros2/xarm_controller/install/local_setup.zsh'
[1.183s] INFO:colcon.colcon_core.shell:Creating prefix chain script '/home/ikedalab/ros2_ws/src/xarm_ros2/xarm_controller/install/setup.zsh'
